<?xml version="1.0" encoding="UTF-8"?>
<!-- Generated by org.testng.reporters.JUnitXMLReporter -->
<testsuite hostname="ksourabh-PC" name="TestforParallel" tests="4" failures="1" timestamp="9 Jun 2019 07:06:03 GMT" time="20.104" errors="0">
  <testcase name="myTest1" time="10.022" classname="TestNGB9.ParallelClassB"/>
  <testcase name="myTest1" time="10.049" classname="TestNGB9.ParallelClassA">
    <failure type="java.lang.AssertionError">
      <![CDATA[java.lang.AssertionError: 
	at TestNGB9.ParallelClassA.myTest1(ParallelClassA.java:14)
	at java.util.concurrent.ThreadPoolExecutor.runWorker(Unknown Source)
	at java.util.concurrent.ThreadPoolExecutor$Worker.run(Unknown Source)
	at java.lang.Thread.run(Unknown Source)
... Removed 13 stack frames]]>
    </failure>
  </testcase> <!-- myTest1 -->
  <testcase name="myTest2" time="10.004" classname="TestNGB9.ParallelClassB"/>
  <testcase name="myTest2" time="10.003" classname="TestNGB9.ParallelClassA"/>
</testsuite> <!-- TestforParallel -->
