<?xml version="1.0" encoding="UTF-8"?>
<testng-results skipped="0" failed="0" total="1" passed="1">
  <reporter-output>
  </reporter-output>
  <suite name="Default suite" duration-ms="28965" started-at="2019-06-26T09:17:57Z" finished-at="2019-06-26T09:18:26Z">
    <groups>
    </groups>
    <test name="Default test" duration-ms="28965" started-at="2019-06-26T09:17:57Z" finished-at="2019-06-26T09:18:26Z">
      <class name="basicCopy.FacebookLogin">
        <test-method status="PASS" signature="test()[pri:0, instance:basicCopy.FacebookLogin@2ac1fdc4]" name="test" duration-ms="28932" started-at="2019-06-26T14:47:57Z" finished-at="2019-06-26T14:48:26Z">
          <reporter-output>
          </reporter-output>
        </test-method> <!-- test -->
      </class> <!-- basicCopy.FacebookLogin -->
    </test> <!-- Default test -->
  </suite> <!-- Default suite -->
</testng-results>
